     1 00000000                                 ;haribote-os
     2 00000000                                 ; TAB=4
     3 00000000                                 
     4 00000000                                 ;BOOT_INFO
     5 00000000                                 
     6  = 00000FF0                              CYLS    EQU     0X0FF0
     7  = 00000FF1                              LEDS    EQU     0X0FF1
     8  = 00000FF2                              VMODE   EQU     0X0FF2
     9  = 00000FF4                              SCRNX   EQU     0X0FF4
    10  = 00000FF6                              SCRNY   EQU     0X0FF6
    11  = 00000FF8                              VRAM    EQU     0X0FF8
    12 00000000                                 
    13 00000000                                 
    14                                              ORG     0XC200
    15 0000C200                                 
    16 0000C200 B0 13                               MOV     AL,0X13
    17 0000C202 B4 00                               MOV     AH,0X00
    18 0000C204 CD 10                               INT     0X10
    19 0000C206 C6 06 0FF2 08                       MOV     BYTE    [VMODE], 8;
    20 0000C20B C7 06 0FF4 0140                     MOV     WORD    [SCRNX], 320
    21 0000C211 C7 06 0FF6 00C8                     MOV     WORD    [SCRNY], 200
    22 0000C217 66 C7 06 0FF8 0000A000              MOV     DWORD   [VRAM], 0X000A000
    23 0000C220                                 
    24 0000C220 B4 02                               MOV     AH, 0X02
    25 0000C222 CD 16                               INT     0X16
    26 0000C224 A2 0FF1                             MOV     [LEDS],AL
    27 0000C227                                 
    28 0000C227                                 fin:
    29 0000C227 F4                                  HLT
    30 0000C228 EB FD                               JMP     fin