     1 00000000                                 ;hello-os
     2 00000000                                 ;TAB=4
     3                                              ORG 0x7c00
     4 00007C00                                 
     5 00007C00 EB 4E                               JMP entry
     6 00007C02 90                                  DB  0x90
     7 00007C03                                 
     8 00007C03 48 45 4C 4C 4F 49 50 4C             DB  "HELLOIPL"
     9 00007C0B 0200                                DW  512
    10 00007C0D 01                                  DB  1
    11 00007C0E 0001                                DW  1
    12 00007C10 02                                  DB  2
    13 00007C11 00E0                                DW  224
    14 00007C13 0B40                                DW  2880
    15 00007C15 F0                                  DB  0XF0
    16 00007C16 0009                                DW  9
    17 00007C18 0012                                DW  18
    18 00007C1A 0002                                DW  2
    19 00007C1C 00000000                            DD  0
    20 00007C20 00000B40                            DD  2880
    21 00007C24 00 00 29                            DB  0,0,0X29
    22 00007C27 FFFFFFFF                            DD  0XFFFFFFFF
    23 00007C2B 48 45 4C 4C 4F 2D 4F 53 20 20       DB  "HELLO-OS   "
       00007C35 20 
    24 00007C36 46 41 54 31 32 20 20 20             DB  "FAT12   "
    25 00007C3E 00 00 00 00 00 00 00 00 00 00       RESB    18
       00007C48 00 00 00 00 00 00 00 00 
    26 00007C50                                 
    27 00007C50                                 entry:
    28 00007C50 B8 0000                                 MOV     AX, 0
    29 00007C53 8E D0                                   MOV     SS, AX
    30 00007C55 BC 7C00                                 MOV     SP, 0X7C00
    31 00007C58 8E D8                                   MOV     DS,AX
    32 00007C5A 8E C0                                   MOV     ES,AX
    33 00007C5C                                 
    34 00007C5C BE 7C74                                 MOV     SI, msg
    35 00007C5F                                 putloop:
    36 00007C5F 8A 04                                   MOV     AL,[SI]
    37 00007C61 83 C6 01                                ADD     SI,1
    38 00007C64 3C 00                                   CMP     AL,0
    39 00007C66                                 
    40 00007C66 74 09                                   JE      fin
    41 00007C68 B4 0E                                   MOV     AH,0X0E
    42 00007C6A BB 000F                                 MOV     BX,15
    43 00007C6D CD 10                                   INT     0X10
    44 00007C6F EB EE                                   JMP     putloop
    45 00007C71                                 
    46 00007C71                                 fin:
    47 00007C71 F4                                      HLT
    48 00007C72 EB FD                                   JMP     fin
    49 00007C74                                 
    50 00007C74                                 msg:
    51 00007C74 0A 0A                                   DB  0X0A,0X0A
    52 00007C76 48 45 4C 4C 4F 2C 20 4C 75 63           DB  "HELLO, Lucky, DON'T GIVE UP"
       00007C80 6B 79 2C 20 44 4F 4E 27 54 20 
       00007C8A 47 49 56 45 20 55 50 
    53 00007C91 07 07                                   DB  0x07, 0x07
    54 00007C93 0A                                      DB  0X0A
    55 00007C94 00                                      DB  0
    56 00007C95                                 
    57 00007C95 00 00 00 00 00 00 00 00 00 00   	RESB	0x7dfe-$
       00007C9F 00 00 00 00 00 00 00 00 00 00 
       00007CA9 00 00 00 00 00 00 00 00 00 00 
       00007CB3 00 00 00 00 00 00 00 00 00 00 
       00007CBD 00 00 00 00 00 00 00 00 00 00 
       00007CC7 00 00 00 00 00 00 00 00 00 00 
       00007CD1 00 00 00 00 00 00 00 00 00 00 
       00007CDB 00 00 00 00 00 00 00 00 00 00 
       00007CE5 00 00 00 00 00 00 00 00 00 00 
       00007CEF 00 00 00 00 00 00 00 00 00 00 
       00007CF9 00 00 00 00 00 00 00 00 00 00 
       00007D03 00 00 00 00 00 00 00 00 00 00 
       00007D0D 00 00 00 00 00 00 00 00 00 00 
       00007D17 00 00 00 00 00 00 00 00 00 00 
       00007D21 00 00 00 00 00 00 00 00 00 00 
       00007D2B 00 00 00 00 00 00 00 00 00 00 
       00007D35 00 00 00 00 00 00 00 00 00 00 
       00007D3F 00 00 00 00 00 00 00 00 00 00 
       00007D49 00 00 00 00 00 00 00 00 00 00 
       00007D53 00 00 00 00 00 00 00 00 00 00 
       00007D5D 00 00 00 00 00 00 00 00 00 00 
       00007D67 00 00 00 00 00 00 00 00 00 00 
       00007D71 00 00 00 00 00 00 00 00 00 00 
       00007D7B 00 00 00 00 00 00 00 00 00 00 
       00007D85 00 00 00 00 00 00 00 00 00 00 
       00007D8F 00 00 00 00 00 00 00 00 00 00 
       00007D99 00 00 00 00 00 00 00 00 00 00 
       00007DA3 00 00 00 00 00 00 00 00 00 00 
       00007DAD 00 00 00 00 00 00 00 00 00 00 
       00007DB7 00 00 00 00 00 00 00 00 00 00 
       00007DC1 00 00 00 00 00 00 00 00 00 00 
       00007DCB 00 00 00 00 00 00 00 00 00 00 
       00007DD5 00 00 00 00 00 00 00 00 00 00 
       00007DDF 00 00 00 00 00 00 00 00 00 00 
       00007DE9 00 00 00 00 00 00 00 00 00 00 
       00007DF3 00 00 00 00 00 00 00 00 00 00 
       00007DFD 00 
    58 00007DFE 55 AA                                   DB	0x55, 0xaa
